[2019-05-15 12:25:21] INFO LOGGER.INFO: User data is updated by IP  {"user":"::1","date":"15.05.2019"} []
[2019-05-15 12:25:30] INFO LOGGER.INFO: User data is updated by IP  {"user":"::1","date":"15.05.2019"} []
[2019-05-15 12:25:34] INFO LOGGER.INFO: User data is updated by IP  {"user":"::1","date":"15.05.2019"} []
[2019-05-15 12:26:58] INFO LOGGER.INFO: User data is updated by IP  {"user":"::1","date":"12:26:58 pm31 15.05.2019"} []
[2019-05-15 12:27:52] INFO LOGGER.INFO: User data is updated by IP  {"user":"::1","date":"12:27:52 pm31 15.05.2019"} []
[2019-05-15 12:31:14] INFO LOGGER.INFO: User data is updated by IP  {"user":"::1","date":"12:31:14 pm31 15.05.2019","Date":{"new name":"LOOO3","new email":"MA3333","new country_id":"9"}} []
[2019-05-15 12:39:31] INFO LOGGER.INFO: User data is updated by IP  {"user":"::1","date":"12:39:31 pm31 15.05.2019","Date":{"new name":"fff","new email":"dddd","new country_id":"7"}} []
[2019-05-15 12:39:36] INFO LOGGER.INFO: User data is deleted by IP  {"user":"::1","date":"12:39:36 15.05.2019","Additional info":{"name was":"fff","email was":"dddd"}} []
[2019-05-15 12:40:17] INFO LOGGER.INFO: User data is updated by IP  {"user":"::1","date":"12:40:17 pm31 15.05.2019","Date":{"new name":"fff","new email":"dddd3","new country_id":"8"}} []
[2019-05-15 12:40:24] INFO LOGGER.INFO: User data is updated by IP  {"user":"::1","date":"12:40:24 pm31 15.05.2019","Date":{"new name":"fffdghjkh","new email":"dddd3dfyhjk","new country_id":"7"}} []
[2019-05-15 12:40:27] INFO LOGGER.INFO: User data is deleted by IP  {"user":"::1","date":"12:40:27 15.05.2019","Additional info":{"name was":"fffdghjkh","email was":"dddd3dfyhjk"}} []
[2019-05-15 12:43:57] INFO LOGGER.INFO: User data is updated by IP  {"user":"::1","date":"12:43:57 pm31 15.05.2019","Date":{"new name":"dfgh","new email":"dfghj","new country_id":"7"}} []
[2019-05-15 12:44:06] INFO LOGGER.INFO: User data is updated by IP  {"user":"::1","date":"12:44:06 pm31 15.05.2019","Date":{"new name":"dfghsfghjkl","new email":"dfghj2345","new country_id":"9"}} []
[2019-05-15 12:47:52] INFO LOGGER.INFO: User data is updated by IP  {"user":"::1","date":"12:47:52 pm31 15.05.2019","Date":{"new name":"z35t","new email":"cewtryh","new country_id":"14"}} []
[2019-05-15 12:48:00] INFO LOGGER.INFO: User data is updated by IP  {"user":"::1","date":"12:48:00 pm31 15.05.2019","Date":{"new name":"z35t","new email":"cewtryh","new country_id":"7"}} []
[2019-05-15 12:48:06] INFO LOGGER.INFO: User data is updated by IP  {"user":"::1","date":"12:48:06 pm31 15.05.2019","Date":{"new name":"z35t","new email":"cewtryh","new country_id":"17"}} []
[2019-05-15 12:48:20] INFO LOGGER.INFO: User data is updated by IP  {"user":"::1","date":"12:48:20 pm31 15.05.2019","Date":{"new name":"z35t","new email":"chemod@an","new country_id":"8"}} []
[2019-05-15 12:49:57] INFO LOGGER.INFO: User data is updated by IP  {"user":"::1","date":"12:49:57 pm31 15.05.2019","Date":{"new name":"z35t","new email":"chemod@an","new country_id":"8"}} []
[2019-05-15 13:35:05] INFO LOGGER.INFO: User data is updated by IP  {"user":"::1","date":"13:35:05 pm31 15.05.2019","Date":{"new name":"z35t","new email":"chemod@an","new country_id":"8"}} []
[2019-05-15 13:35:11] INFO LOGGER.INFO: User data is updated by IP  {"user":"::1","date":"13:35:11 pm31 15.05.2019","Date":{"new name":"z35t","new email":"chemod@an","new country_id":"5"}} []
[2019-05-15 13:35:15] INFO LOGGER.INFO: User data is updated by IP  {"user":"::1","date":"13:35:15 pm31 15.05.2019","Date":{"new name":"z35t","new email":"chemod@an","new country_id":"7"}} []
[2019-05-15 13:57:20] INFO LOGGER.INFO: User data is updated by IP  {"user":"::1","date":"13:57:20 pm31 15.05.2019","Date":{"new name":"z35t","new email":"chemod@an","new country_id":"7"}} []
[2019-05-15 13:57:47] INFO LOGGER.INFO: User data is updated by IP  {"user":"::1","date":"13:57:47 pm31 15.05.2019","Date":{"new name":"monoloh2343","new email":"chemod@gmail.com","new country_id":"8"}} []
[2019-05-15 13:58:44] INFO LOGGER.INFO: User data is updated by IP  {"user":"::1","date":"13:58:44 pm31 15.05.2019","Date":{"new name":"monoloh2343","new email":"chemod@gmail.com","new country_id":"8"}} []
[2019-05-15 13:58:52] INFO LOGGER.INFO: User data is updated by IP  {"user":"::1","date":"13:58:52 pm31 15.05.2019","Date":{"new name":"monoloh2343","new email":"chemod@gmail.com","new country_id":"5"}} []
[2019-05-15 13:58:56] INFO LOGGER.INFO: User data is updated by IP  {"user":"::1","date":"13:58:56 pm31 15.05.2019","Date":{"new name":"z","new email":"c2","new country_id":"14"}} []
[2019-05-15 13:59:18] INFO LOGGER.INFO: User data is updated by IP  {"user":"::1","date":"13:59:18 pm31 15.05.2019","Date":{"new name":"zorropetro","new email":"malink@gmail.com","new country_id":"8"}} []
[2019-05-15 13:59:24] INFO LOGGER.INFO: User data is updated by IP  {"user":"::1","date":"13:59:24 pm31 15.05.2019","Date":{"new name":"fff","new email":"dddd","new country_id":"7"}} []
[2019-05-15 13:59:44] INFO LOGGER.INFO: User data is updated by IP  {"user":"::1","date":"13:59:44 pm31 15.05.2019","Date":{"new name":"Petrenko","new email":"petrenko23@mail.ua","new country_id":"19"}} []
[2019-05-15 14:00:38] INFO LOGGER.INFO: New country has been created by  {"user":"::1","date":"14:00:38 pm31 15.05.2019","New country name":"vvvv"} []
[2019-05-15 14:06:19] INFO LOGGER.INFO: Country renamed by  {"user":"::1","date":"14:06:19 15.05.2019","new Country name":"Laos"} []
[2019-05-15 14:06:24] INFO LOGGER.INFO: Country renamed by  {"user":"::1","date":"14:06:24 15.05.2019","new Country name":"Laos22"} []
[2019-05-15 14:06:27] INFO LOGGER.INFO: Country renamed by  {"user":"::1","date":"14:06:27 15.05.2019","new Country name":"Laos"} []
[2019-05-15 14:12:56] INFO LOGGER.INFO: User data is updated by IP  {"user":"::1","date":"14:12:56 pm31 15.05.2019","Date":{"new name":"monoloh2343","new email":"chemod@gmail.com","new country_id":"5"}} []
[2019-05-15 14:13:18] INFO LOGGER.INFO: New country has been created by  {"user":"::1","date":"14:13:18 pm31 15.05.2019","New country name":"<br /><b>Notice</b>:  Undefined index: country in <b>C:\\Bitnami\\wampstack-5.6.30-1\\apache2\\htdocs\\test_php_work\\add_country.php</b> on line <b>11</b><br />"} []
[2019-05-15 14:13:33] INFO LOGGER.INFO: New country has been created by  {"user":"::1","date":"14:13:33 pm31 15.05.2019","New country name":"Kiiv"} []
[2019-05-15 14:13:40] INFO LOGGER.INFO: New country has been created by  {"user":"::1","date":"14:13:40 pm31 15.05.2019","New country name":"Kiiv"} []
[2019-05-15 14:13:46] INFO LOGGER.INFO: Country renamed by  {"user":"::1","date":"14:13:46 15.05.2019","new Country name":"<br /><b>Notice</b>:  Undefined index: country in <b>C:\\Bitnami\\wampstack-5.6.30-1\\apache2\\htdocs\\test_php_work\\add_country.php</b> on line <b>11</b><br />"} []
[2019-05-15 14:13:51] INFO LOGGER.INFO: Country renamed by  {"user":"::1","date":"14:13:51 15.05.2019","new Country name":"jjj"} []
[2019-05-15 14:13:56] INFO LOGGER.INFO: Country renamed by  {"user":"::1","date":"14:13:56 15.05.2019","new Country name":"jjj"} []
[2019-05-15 14:14:07] INFO LOGGER.INFO: Country renamed by  {"user":"::1","date":"14:14:07 15.05.2019","new Country name":"India"} []
[2019-05-15 14:14:11] INFO LOGGER.INFO: Country renamed by  {"user":"::1","date":"14:14:11 15.05.2019","new Country name":"Kiiv"} []
[2019-05-15 14:14:26] INFO LOGGER.INFO: Country renamed by  {"user":"::1","date":"14:14:26 15.05.2019","new Country name":"Irland"} []
[2019-05-15 14:14:32] INFO LOGGER.INFO: Country renamed by  {"user":"::1","date":"14:14:32 15.05.2019","new Country name":"Kiiv"} []
[2019-05-15 14:14:37] INFO LOGGER.INFO: Country renamed by  {"user":"::1","date":"14:14:37 15.05.2019","new Country name":"Iceland"} []
[2019-05-15 14:14:41] INFO LOGGER.INFO: Country renamed by  {"user":"::1","date":"14:14:41 15.05.2019","new Country name":"Китай"} []
[2019-05-15 14:14:45] INFO LOGGER.INFO: Country renamed by  {"user":"::1","date":"14:14:45 15.05.2019","new Country name":"China"} []
[2019-05-15 14:16:32] INFO LOGGER.INFO: New country has been created by  {"user":"::1","date":"14:16:32 pm31 15.05.2019","New country name":"Poland"} []
[2019-05-15 14:21:50] INFO LOGGER.INFO: Country renamed by  {"user":"::1","date":"14:21:50 15.05.2019","new Country name":"Laos"} []
[2019-05-15 14:21:54] INFO LOGGER.INFO: Country renamed by  {"user":"::1","date":"14:21:54 15.05.2019","new Country name":"Laos2-1002"} []
[2019-05-15 14:22:08] INFO LOGGER.INFO: Country renamed by  {"user":"::1","date":"14:22:08 15.05.2019","new Country name":"China"} []
[2019-05-15 14:22:11] INFO LOGGER.INFO: Country renamed by  {"user":"::1","date":"14:22:11 15.05.2019","new Country name":"Chinaxdghjku"} []
[2019-05-15 14:22:14] INFO LOGGER.INFO: Country renamed by  {"user":"::1","date":"14:22:14 15.05.2019","new Country name":"China"} []
[2019-05-15 14:22:16] INFO LOGGER.INFO: Country renamed by  {"user":"::1","date":"14:22:16 15.05.2019","new Country name":"Laos2-1002"} []
[2019-05-15 14:22:18] INFO LOGGER.INFO: Country renamed by  {"user":"::1","date":"14:22:18 15.05.2019","new Country name":"Laos"} []
[2019-05-15 14:23:12] INFO LOGGER.INFO: User data is updated by IP  {"user":"::1","date":"14:23:12 pm31 15.05.2019","Date":{"new name":"monoloh2343","new email":"chemod@gmail.com","new country_id":"5"}} []
[2019-05-15 14:23:17] INFO LOGGER.INFO: User data is updated by IP  {"user":"::1","date":"14:23:17 pm31 15.05.2019","Date":{"new name":"dfghsfghjkl","new email":"dfghj2345","new country_id":"9"}} []
[2019-05-15 14:23:19] INFO LOGGER.INFO: User data is deleted by IP  {"user":"::1","date":"14:23:19 15.05.2019","Additional info":{"name was":"dfghsfghjkl","email was":"dfghj2345"}} []
[2019-05-15 14:23:30] INFO LOGGER.INFO: User data is updated by IP  {"user":"::1","date":"14:23:30 pm31 15.05.2019","Date":{"new name":"dfgh","new email":"dfghj","new country_id":"7"}} []
[2019-05-15 14:23:32] INFO LOGGER.INFO: User data is deleted by IP  {"user":"::1","date":"14:23:32 15.05.2019","Additional info":{"name was":"dfgh","email was":"dfghj"}} []
[2019-05-15 14:23:54] INFO LOGGER.INFO: New country has been created by  {"user":"::1","date":"14:23:54 pm31 15.05.2019","New country name":"sSDFGHLJK"} []
[2019-05-15 14:23:58] INFO LOGGER.INFO: Country renamed by  {"user":"::1","date":"14:23:58 15.05.2019","new Country name":"sSDFGHLJK"} []
[2019-05-15 14:24:01] INFO LOGGER.INFO: Country renamed by  {"user":"::1","date":"14:24:01 15.05.2019","new Country name":"XDFGHJG"} []
[2019-05-15 14:26:39] INFO LOGGER.INFO: New country has been created by  {"user":"::1","date":"14:26:39 pm31 15.05.2019","New country name":"1111"} []
[2019-05-15 14:26:42] INFO LOGGER.INFO: Country renamed by  {"user":"::1","date":"14:26:42 15.05.2019","new Country name":"1111"} []
[2019-05-15 14:26:48] INFO LOGGER.INFO: Country renamed by  {"user":"::1","date":"14:26:48 15.05.2019","new Country name":"222ccc"} []
[2019-05-15 14:27:32] INFO LOGGER.INFO: Country renamed by  {"user":"::1","date":"14:27:32 15.05.2019","new Country name":"222ccc"} []
[2019-05-15 14:29:08] INFO LOGGER.INFO: Country renamed by  {"user":"::1","date":"14:29:08 15.05.2019","new Country name":"222ccc"} []
[2019-05-15 14:29:10] INFO LOGGER.INFO: country data is deleted by  {"user":"::1","date":"14:29:10 15.05.2019","Additional info":{"it was":"222ccc","country_id was":"28"}} []
[2019-05-15 14:29:57] INFO LOGGER.INFO: User data is updated by IP  {"user":"::1","date":"14:29:57 pm31 15.05.2019","Date":{"new name":"monoloh2343","new email":"chemod@gmail.com","new country_id":"5"}} []
[2019-05-15 14:30:59] INFO LOGGER.INFO: User data is updated by IP  {"user":"::1","date":"14:30:59 pm31 15.05.2019","Date":{"new name":"monoloh2343","new email":"chemod@gmail.com","new country_id":"5"}} []
[2019-05-15 14:31:21] INFO LOGGER.INFO: User data is updated by IP  {"user":"::1","date":"14:31:21 pm31 15.05.2019","Date":{"new name":"Petrenko","new email":"petrenko23@mail.ua","new country_id":"19"}} []
[2019-05-15 14:32:35] INFO LOGGER.INFO: User data is updated by IP  {"user":"::1","date":"14:32:35 pm31 15.05.2019","Date":{"new name":"Petrenko","new email":"petrenko23@mail.ua","new country_id":"19"}} []
[2019-05-15 14:32:39] INFO LOGGER.INFO: User data is updated by IP  {"user":"::1","date":"14:32:39 pm31 15.05.2019","Date":{"new name":"zorropetro","new email":"malink@gmail.com","new country_id":"8"}} []
[2019-05-15 14:39:02] INFO LOGGER.INFO: Country renamed by  {"user":"::1","date":"14:39:02 15.05.2019","new Country name":"Venesuella"} []
[2019-05-15 14:39:08] INFO LOGGER.INFO: Country renamed by  {"user":"::1","date":"14:39:08 15.05.2019","new Country name":"Vienna"} []
[2019-05-15 14:39:11] INFO LOGGER.INFO: Country renamed by  {"user":"::1","date":"14:39:11 15.05.2019","new Country name":"Ohaio"} []
[2019-05-15 14:39:24] INFO LOGGER.INFO: Country renamed by  {"user":"::1","date":"14:39:24 15.05.2019","new Country name":"Austria"} []
[2019-05-15 14:39:34] INFO LOGGER.INFO: Country renamed by  {"user":"::1","date":"14:39:34 15.05.2019","new Country name":"Vienna"} []
[2019-05-15 14:39:39] INFO LOGGER.INFO: Country renamed by  {"user":"::1","date":"14:39:39 15.05.2019","new Country name":"Italy"} []
[2019-05-15 14:39:43] INFO LOGGER.INFO: Country renamed by  {"user":"::1","date":"14:39:43 15.05.2019","new Country name":"California"} []
[2019-05-15 14:39:49] INFO LOGGER.INFO: Country renamed by  {"user":"::1","date":"14:39:49 15.05.2019","new Country name":"Colombia"} []
[2019-05-15 14:40:00] INFO LOGGER.INFO: Country renamed by  {"user":"::1","date":"14:40:00 15.05.2019","new Country name":"Mexico"} []
[2019-05-15 14:40:06] INFO LOGGER.INFO: Country renamed by  {"user":"::1","date":"14:40:06 15.05.2019","new Country name":"Maldivas"} []
[2019-05-15 14:41:00] INFO LOGGER.INFO: Country renamed by  {"user":"::1","date":"14:41:00 15.05.2019","new Country name":"France"} []
[2019-05-15 14:41:12] INFO LOGGER.INFO: User data is updated by IP  {"user":"::1","date":"14:41:12 pm31 15.05.2019","Date":{"new name":"zorropetro","new email":"malink@gmail.com","new country_id":"8"}} []
[2019-05-15 14:41:20] INFO LOGGER.INFO: User data is updated by IP  {"user":"::1","date":"14:41:20 pm31 15.05.2019","Date":{"new name":"zorropetro","new email":"malink@gmail.com","new country_id":"8"}} []
[2019-05-15 14:41:36] INFO LOGGER.INFO: Country renamed by  {"user":"::1","date":"14:41:36 15.05.2019","new Country name":"Laos"} []
[2019-05-15 14:42:26] INFO LOGGER.INFO: Country renamed by  {"user":"::1","date":"14:42:26 15.05.2019","new Country name":"Laos"} []
[2019-05-15 14:43:06] INFO LOGGER.INFO: Country renamed by  {"user":"::1","date":"14:43:06 15.05.2019","new Country name":"Laos"} []
[2019-05-15 14:44:10] INFO LOGGER.INFO: Country renamed by  {"user":"::1","date":"14:44:10 15.05.2019","new Country name":"Uzbekistan"} []
[2019-05-15 14:44:13] INFO LOGGER.INFO: country data is deleted by  {"user":"::1","date":"14:44:13 15.05.2019","Additional info":{"it was":"Uzbekistan","country_id was":"20"}} []
[2019-05-15 14:44:21] INFO LOGGER.INFO: Country renamed by  {"user":"::1","date":"14:44:21 15.05.2019","new Country name":"Laos"} []
[2019-05-15 14:45:40] INFO LOGGER.INFO: Country renamed by  {"user":"::1","date":"14:45:40 15.05.2019","new Country name":"Laos"} []
[2019-05-15 14:45:41] INFO LOGGER.INFO: Country renamed by  {"user":"::1","date":"14:45:41 15.05.2019","new Country name":"Laos"} []
[2019-05-15 14:46:33] INFO LOGGER.INFO: Country renamed by  {"user":"::1","date":"14:46:33 15.05.2019","new Country name":"Laos"} []
[2019-05-15 14:46:43] INFO LOGGER.INFO: Country renamed by  {"user":"::1","date":"14:46:43 15.05.2019","new Country name":"Laos"} []
[2019-05-15 14:46:59] INFO LOGGER.INFO: User data is updated by IP  {"user":"::1","date":"14:46:59 pm31 15.05.2019","Date":{"new name":"monoloh2343","new email":"chemod@gmail.com","new country_id":"5"}} []
[2019-05-15 14:47:03] INFO LOGGER.INFO: User data is deleted by IP  {"user":"::1","date":"14:47:03 15.05.2019","Additional info":{"name was":"monoloh2343","email was":"chemod@gmail.com"}} []
[2019-05-15 14:47:03] INFO LOGGER.INFO: User data is deleted by IP  {"user":"::1","date":"14:47:03 15.05.2019","Additional info":{"name was":"monoloh2343","email was":"chemod@gmail.com"}} []
[2019-05-15 14:47:09] INFO LOGGER.INFO: Country renamed by  {"user":"::1","date":"14:47:09 15.05.2019","new Country name":"Laos"} []
[2019-05-15 14:47:11] INFO LOGGER.INFO: country data is deleted by  {"user":"::1","date":"14:47:11 15.05.2019","Additional info":{"it was":"Laos","country_id was":"5"}} []
[2019-05-15 14:47:22] INFO LOGGER.INFO: New country has been created by  {"user":"::1","date":"14:47:22 pm31 15.05.2019","New country name":"Laos"} []
[2019-05-15 14:54:47] INFO LOGGER.INFO: User data is updated by IP  {"user":"::1","date":"14:54:47 pm31 15.05.2019","Date":{"new name":"zorropetro","new email":"malink@gmail.com","new country_id":"8"}} []
[2019-05-15 14:54:55] INFO LOGGER.INFO: User data is updated by IP  {"user":"::1","date":"14:54:55 pm31 15.05.2019","Date":{"new name":"zorropetro","new email":"malink@gmail.com","new country_id":"7"}} []
[2019-05-15 14:55:26] INFO LOGGER.INFO: New country has been created by  {"user":"::1","date":"14:55:26 pm31 15.05.2019","New country name":"cvghm"} []
[2019-05-15 14:55:32] INFO LOGGER.INFO: Country renamed by  {"user":"::1","date":"14:55:32 15.05.2019","new Country name":"cvghm"} []
[2019-05-15 14:55:41] INFO LOGGER.INFO: Country renamed by  {"user":"::1","date":"14:55:41 15.05.2019","new Country name":"Cornelia"} []
[2019-05-15 14:55:48] INFO LOGGER.INFO: country data is deleted by  {"user":"::1","date":"14:55:48 15.05.2019","Additional info":{"it was":"Cornelia","country_id was":"30"}} []
[2019-05-15 15:02:36] INFO LOGGER.INFO: New country has been created by  {"user":"::1","date":"15:02:36 pm31 15.05.2019","New country name":"....."} []
[2019-05-15 15:02:40] INFO LOGGER.INFO: Country renamed by  {"user":"::1","date":"15:02:40 15.05.2019","new Country name":"....."} []
[2019-05-15 15:02:44] INFO LOGGER.INFO: Country renamed by  {"user":"::1","date":"15:02:44 15.05.2019","new Country name":",,,,,,,"} []
[2019-05-15 15:02:48] INFO LOGGER.INFO: country data is deleted by  {"user":"::1","date":"15:02:48 15.05.2019","Additional info":{"it was":",,,,,,,","country_id was":"30"}} []
[2019-05-15 15:03:42] INFO LOGGER.INFO: New user has been created by  {"user":"::1","date":"15:03:42 pm31 15.05.2019","Date":{"new name":",mjkj","new email":"lkjjkkkk","new country_id":"21"}} []
[2019-05-15 15:03:58] INFO LOGGER.INFO: User data is updated by IP  {"user":"::1","date":"15:03:58 pm31 15.05.2019","Date":{"new name":",mjkj","new email":"lkjjkkkk","new country_id":"21"}} []
[2019-05-15 15:04:17] INFO LOGGER.INFO: User data is updated by IP  {"user":"::1","date":"15:04:17 pm31 15.05.2019","Date":{"new name":"Oleksii","new email":"kokoko@jhjh.mop","new country_id":"22"}} []
[2019-05-15 15:04:33] INFO LOGGER.INFO: New user has been created by  {"user":"::1","date":"15:04:33 pm31 15.05.2019","Date":{"new name":".......","new email":"mmmmm","new country_id":"9"}} []
[2019-05-15 15:04:39] INFO LOGGER.INFO: User data is updated by IP  {"user":"::1","date":"15:04:39 pm31 15.05.2019","Date":{"new name":".......","new email":"mmmmm","new country_id":"9"}} []
[2019-05-15 15:04:44] INFO LOGGER.INFO: User data is deleted by IP  {"user":"::1","date":"15:04:44 15.05.2019","Additional info":{"name was":".......","email was":"mmmmm"}} []
